client_1,LOCAL_CHUNKS,1,68b94c96411d22a26a46c1029670d0a3236dee04,localhost,8957
client_1,LOCAL_CHUNKS,2,f31c382b3c4ddd24ec9e175dde8534604c269272,localhost,8957
P2PTracker,CHUNK_LOCATION_UNKNOWN,3
client_1,WHERE_CHUNK,3
P2PTracker,CHUNK_LOCATION_UNKNOWN,3
client_2,LOCAL_CHUNKS,2,f31c382b3c4ddd24ec9e175dde8534604c269272,localhost,8958
client_1,WHERE_CHUNK,3
P2PTracker,CHUNK_LOCATION_UNKNOWN,3
client_2,LOCAL_CHUNKS,3,a7fb2cbaeb88ba215d6abad413c31164569502af,localhost,8958
P2PTracker,GET_CHUNK_FROM,1,68b94c96411d22a26a46c1029670d0a3236dee04,localhost,8957,localhost,8959
client_1,WHERE_CHUNK,3
P2PTracker,CHUNK_LOCATION_UNKNOWN,3
client_3,LOCAL_CHUNKS,1,68b94c96411d22a26a46c1029670d0a3236dee04,localhost,8959
client_2,WHERE_CHUNK,1
client_1,WHERE_CHUNK,3
P2PTracker,GET_CHUNK_FROM,3,a7fb2cbaeb88ba215d6abad413c31164569502af,localhost,8958,localhost,8959
client_2,REQUEST_CHUNK,1,localhost,8959
client_3,LOCAL_CHUNKS,3,a7fb2cbaeb88ba215d6abad413c31164569502af,localhost,8959
P2PTracker,GET_CHUNK_FROM,2,f31c382b3c4ddd24ec9e175dde8534604c269272,localhost,8957,localhost,8958
client_1,WHERE_CHUNK,3
client_2,LOCAL_CHUNKS,1,68b94c96411d22a26a46c1029670d0a3236dee04,localhost,8958
client_1,REQUEST_CHUNK,3,localhost,8959
client_3,WHERE_CHUNK,2
client_1,LOCAL_CHUNKS,3,a7fb2cbaeb88ba215d6abad413c31164569502af,localhost,8957
client_3,REQUEST_CHUNK,2,localhost,8958
client_3,LOCAL_CHUNKS,2,f31c382b3c4ddd24ec9e175dde8534604c269272,localhost,8959
